2021-02-18 00:04:28.943> [jdev.server.app.ServerMain:48] Starting ServerMain on WIN-34AFSSTV7OA with PID 5096 (C:\javadev\my-toll\server-core\build\classes\java\main started by user in C:\javadev\my-toll)
2021-02-18 00:04:28.948> [jdev.server.app.ServerMain:637] No active profile set, falling back to default profiles: default
2021-02-18 00:04:29.136> [org.hibernate.validator.internal.util.Version:30] HV000001: Hibernate Validator 5.3.5.Final
2021-02-18 00:04:29.139> [org.springframework.boot.context.embedded.AnnotationConfigEmbeddedWebApplicationContext:582] Refreshing org.springframework.boot.context.embedded.AnnotationConfigEmbeddedWebApplicationContext@6e99e000: startup date [Thu Feb 18 00:04:29 NOVT 2021]; root of context hierarchy
2021-02-18 00:04:30.904> [org.springframework.boot.context.embedded.tomcat.TomcatEmbeddedServletContainer:89] Tomcat initialized with port(s): 8080 (http)
2021-02-18 00:04:30.912> [org.apache.catalina.core.StandardService:179] Starting service Tomcat
2021-02-18 00:04:30.914> [org.apache.catalina.core.StandardEngine:179] Starting Servlet Engine: Apache Tomcat/8.5.14
2021-02-18 00:04:31.000> [org.apache.catalina.core.ContainerBase.[Tomcat].[localhost].[/]:179] Initializing Spring embedded WebApplicationContext
2021-02-18 00:04:31.001> [org.springframework.web.context.ContextLoader:276] Root WebApplicationContext: initialization completed in 1862 ms
2021-02-18 00:04:31.188> [org.springframework.boot.web.servlet.ServletRegistrationBean:190] Mapping servlet: 'dispatcherServlet' to [/]
2021-02-18 00:04:31.189> [org.springframework.boot.web.servlet.ServletRegistrationBean:190] Mapping servlet: 'webServlet' to [/h2-console/*]
2021-02-18 00:04:31.193> [org.springframework.boot.web.servlet.FilterRegistrationBean:258] Mapping filter: 'characterEncodingFilter' to: [/*]
2021-02-18 00:04:31.194> [org.springframework.boot.web.servlet.FilterRegistrationBean:258] Mapping filter: 'hiddenHttpMethodFilter' to: [/*]
2021-02-18 00:04:31.194> [org.springframework.boot.web.servlet.FilterRegistrationBean:258] Mapping filter: 'httpPutFormContentFilter' to: [/*]
2021-02-18 00:04:31.194> [org.springframework.boot.web.servlet.FilterRegistrationBean:258] Mapping filter: 'requestContextFilter' to: [/*]
2021-02-18 00:04:31.805> [liquibase:92] Successfully acquired change log lock
2021-02-18 00:04:32.251> [liquibase:92] Reading from PUBLIC.DATABASECHANGELOG
2021-02-18 00:04:32.254> [liquibase:92] Successfully released change log lock
2021-02-18 00:04:32.347> [org.springframework.orm.jpa.LocalContainerEntityManagerFactoryBean:349] Building JPA container EntityManagerFactory for persistence unit 'default'
2021-02-18 00:04:32.356> [org.hibernate.jpa.internal.util.LogHelper:31] HHH000204: Processing PersistenceUnitInfo [
	name: default
	...]
2021-02-18 00:04:32.411> [org.hibernate.Version:37] HHH000412: Hibernate Core {5.0.12.Final}
2021-02-18 00:04:32.413> [org.hibernate.cfg.Environment:213] HHH000206: hibernate.properties not found
2021-02-18 00:04:32.414> [org.hibernate.cfg.Environment:317] HHH000021: Bytecode provider name : javassist
2021-02-18 00:04:32.452> [org.hibernate.annotations.common.Version:66] HCANN000001: Hibernate Commons Annotations {5.0.1.Final}
2021-02-18 00:04:32.552> [org.hibernate.dialect.Dialect:156] HHH000400: Using dialect: org.hibernate.dialect.H2Dialect
2021-02-18 00:04:32.897> [org.springframework.orm.jpa.LocalContainerEntityManagerFactoryBean:379] Initialized JPA EntityManagerFactory for persistence unit 'default'
2021-02-18 00:04:33.377> [org.springframework.web.servlet.mvc.method.annotation.RequestMappingHandlerAdapter:534] Looking for @ControllerAdvice: org.springframework.boot.context.embedded.AnnotationConfigEmbeddedWebApplicationContext@6e99e000: startup date [Thu Feb 18 00:04:29 NOVT 2021]; root of context hierarchy
2021-02-18 00:04:33.434> [org.springframework.web.servlet.mvc.method.annotation.RequestMappingHandlerMapping:543] Mapped "{[/download],methods=[GET]}" onto private jdev.dto.TrackDTO jdev.server.controllers.TrackerController.getLastTrackPoints(java.lang.String,java.lang.String) throws com.fasterxml.jackson.core.JsonProcessingException
2021-02-18 00:04:33.435> [org.springframework.web.servlet.mvc.method.annotation.RequestMappingHandlerMapping:543] Mapped "{[/upload],methods=[POST]}" onto public jdev.dto.TrackDTO jdev.server.controllers.TrackerController.receiveWrappedTrackingList(jdev.dto.TrackDTO) throws com.fasterxml.jackson.core.JsonProcessingException
2021-02-18 00:04:33.437> [org.springframework.web.servlet.mvc.method.annotation.RequestMappingHandlerMapping:543] Mapped "{[/error]}" onto public org.springframework.http.ResponseEntity<java.util.Map<java.lang.String, java.lang.Object>> org.springframework.boot.autoconfigure.web.BasicErrorController.error(javax.servlet.http.HttpServletRequest)
2021-02-18 00:04:33.437> [org.springframework.web.servlet.mvc.method.annotation.RequestMappingHandlerMapping:543] Mapped "{[/error],produces=[text/html]}" onto public org.springframework.web.servlet.ModelAndView org.springframework.boot.autoconfigure.web.BasicErrorController.errorHtml(javax.servlet.http.HttpServletRequest,javax.servlet.http.HttpServletResponse)
2021-02-18 00:04:33.470> [org.springframework.web.servlet.handler.SimpleUrlHandlerMapping:362] Mapped URL path [/webjars/**] onto handler of type [class org.springframework.web.servlet.resource.ResourceHttpRequestHandler]
2021-02-18 00:04:33.470> [org.springframework.web.servlet.handler.SimpleUrlHandlerMapping:362] Mapped URL path [/**] onto handler of type [class org.springframework.web.servlet.resource.ResourceHttpRequestHandler]
2021-02-18 00:04:33.508> [org.springframework.web.servlet.handler.SimpleUrlHandlerMapping:362] Mapped URL path [/**/favicon.ico] onto handler of type [class org.springframework.web.servlet.resource.ResourceHttpRequestHandler]
2021-02-18 00:04:33.540> [org.springframework.boot.autoconfigure.thymeleaf.AbstractTemplateResolverConfiguration:60] Cannot find template location: classpath:/templates/ (please add some templates or check your Thymeleaf configuration)
2021-02-18 00:04:33.969> [org.springframework.boot.devtools.autoconfigure.OptionalLiveReloadServer:58] LiveReload server is running on port 35729
2021-02-18 00:04:34.009> [org.springframework.jmx.export.annotation.AnnotationMBeanExporter:431] Registering beans for JMX exposure on startup
2021-02-18 00:04:34.027> [org.apache.coyote.http11.Http11NioProtocol:179] Initializing ProtocolHandler ["http-nio-8080"]
2021-02-18 00:04:34.035> [org.apache.coyote.http11.Http11NioProtocol:179] Starting ProtocolHandler ["http-nio-8080"]
2021-02-18 00:04:34.044> [org.apache.tomcat.util.net.NioSelectorPool:179] Using a shared selector for servlet write/read
2021-02-18 00:04:34.059> [org.springframework.boot.context.embedded.tomcat.TomcatEmbeddedServletContainer:198] Tomcat started on port(s): 8080 (http)
2021-02-18 00:04:34.065> [jdev.server.app.ServerMain:57] Started ServerMain in 5.663 seconds (JVM running for 6.532)
2021-02-18 00:04:48.492> [org.apache.catalina.core.ContainerBase.[Tomcat].[localhost].[/]:179] Initializing Spring FrameworkServlet 'dispatcherServlet'
2021-02-18 00:04:48.492> [org.springframework.web.servlet.DispatcherServlet:489] FrameworkServlet 'dispatcherServlet': initialization started
2021-02-18 00:04:48.511> [org.springframework.web.servlet.DispatcherServlet:508] FrameworkServlet 'dispatcherServlet': initialization completed in 18 ms
2021-02-18 00:04:48.617> [jdev.server.controllers.TrackerController:45] [Track point{ id=597, lat=84.91845, lon=51.71092, id=WDB2020181A712669, time=1613575892000 }, Track point{ id=571, lat=84.91841, lon=51.71083, id=WDB2020181A712669, time=1613575891000 }, Track point{ id=570, lat=84.91839, lon=51.71072, id=WDB2020181A712669, time=1613575890000 }, Track point{ id=569, lat=84.91840, lon=51.71062, id=WDB2020181A712669, time=1613575889000 }, Track point{ id=568, lat=84.91840, lon=51.71053, id=WDB2020181A712669, time=1613575888000 }, Track point{ id=567, lat=84.91835, lon=51.71044, id=WDB2020181A712669, time=1613575887000 }, Track point{ id=566, lat=84.91829, lon=51.71036, id=WDB2020181A712669, time=1613575886000 }, Track point{ id=565, lat=84.91820, lon=51.71028, id=WDB2020181A712669, time=1613575885000 }, Track point{ id=564, lat=84.91811, lon=51.71019, id=WDB2020181A712669, time=1613575884000 }, Track point{ id=563, lat=84.91800, lon=51.71012, id=WDB2020181A712669, time=1613575883000 }, Track point{ id=562, lat=84.91789, lon=51.71006, id=WDB2020181A712669, time=1613575882000 }, Track point{ id=561, lat=84.91771, lon=51.70999, id=WDB2020181A712669, time=1613575881000 }, Track point{ id=560, lat=84.91756, lon=51.70996, id=WDB2020181A712669, time=1613575880000 }, Track point{ id=559, lat=84.91740, lon=51.70993, id=WDB2020181A712669, time=1613575879000 }, Track point{ id=558, lat=84.91725, lon=51.70990, id=WDB2020181A712669, time=1613575878000 }, Track point{ id=557, lat=84.91707, lon=51.70981, id=WDB2020181A712669, time=1613575877000 }, Track point{ id=556, lat=84.91697, lon=51.70972, id=WDB2020181A712669, time=1613575876000 }, Track point{ id=555, lat=84.91688, lon=51.70961, id=WDB2020181A712669, time=1613575875000 }, Track point{ id=554, lat=84.91687, lon=51.70950, id=WDB2020181A712669, time=1613575874000 }, Track point{ id=553, lat=84.91691, lon=51.70941, id=WDB2020181A712669, time=1613575873000 }]
2021-02-18 00:05:08.857> [jdev.server.controllers.TrackerController:45] [Track point{ id=637, lat=84.91845, lon=51.71133, id=WDB2020181A712668, time=1613578166000 }, Track point{ id=636, lat=84.91840, lon=51.71124, id=WDB2020181A712668, time=1613578165000 }, Track point{ id=635, lat=84.91844, lon=51.71115, id=WDB2020181A712668, time=1613578164000 }, Track point{ id=634, lat=84.91844, lon=51.71105, id=WDB2020181A712668, time=1613578163000 }, Track point{ id=633, lat=84.91845, lon=51.71092, id=WDB2020181A712668, time=1613578162000 }, Track point{ id=632, lat=84.91841, lon=51.71083, id=WDB2020181A712668, time=1613578161000 }, Track point{ id=631, lat=84.91839, lon=51.71072, id=WDB2020181A712668, time=1613578160000 }, Track point{ id=630, lat=84.91840, lon=51.71062, id=WDB2020181A712668, time=1613578159000 }, Track point{ id=629, lat=84.91840, lon=51.71053, id=WDB2020181A712668, time=1613578158000 }, Track point{ id=628, lat=84.91835, lon=51.71044, id=WDB2020181A712668, time=1613578157000 }, Track point{ id=627, lat=84.91829, lon=51.71036, id=WDB2020181A712668, time=1613578156000 }, Track point{ id=626, lat=84.91820, lon=51.71028, id=WDB2020181A712668, time=1613578155000 }, Track point{ id=625, lat=84.91811, lon=51.71019, id=WDB2020181A712668, time=1613578154000 }, Track point{ id=624, lat=84.91800, lon=51.71012, id=WDB2020181A712668, time=1613578153000 }, Track point{ id=623, lat=84.91789, lon=51.71006, id=WDB2020181A712668, time=1613578152000 }, Track point{ id=622, lat=84.91771, lon=51.70999, id=WDB2020181A712668, time=1613578151000 }, Track point{ id=621, lat=84.91756, lon=51.70996, id=WDB2020181A712668, time=1613578150000 }, Track point{ id=620, lat=84.91740, lon=51.70993, id=WDB2020181A712668, time=1613578149000 }, Track point{ id=619, lat=84.91725, lon=51.70990, id=WDB2020181A712668, time=1613578148000 }, Track point{ id=618, lat=84.91707, lon=51.70981, id=WDB2020181A712668, time=1613578147000 }]
